#
# There is insufficient memory for the Java Runtime Environment to continue.
# Native memory allocation (malloc) failed to allocate 1577984 bytes for Chunk::new
# Possible reasons:
#   The system is out of physical RAM or swap space
#   In 32 bit mode, the process size limit was hit
# Possible solutions:
#   Reduce memory load on the system
#   Increase physical memory or swap space
#   Check if swap backing store is full
#   Use 64 bit Java on a 64 bit OS
#   Decrease Java heap size (-Xmx/-Xms)
#   Decrease number of Java threads
#   Decrease Java thread stack sizes (-Xss)
#   Set larger code cache with -XX:ReservedCodeCacheSize=
# This output file may be truncated or incomplete.
#
#  Out of Memory Error (allocation.cpp:390), pid=76348, tid=0x0000000000011c3c
#
# JRE version: Java(TM) SE Runtime Environment (8.0_181-b13) (build 1.8.0_181-b13)
# Java VM: Java HotSpot(TM) 64-Bit Server VM (25.181-b13 mixed mode windows-amd64 compressed oops)
# Failed to write core dump. Minidumps are not enabled by default on client versions of Windows
#

---------------  T H R E A D  ---------------

Current thread (0x0000000019713000):  JavaThread "C2 CompilerThread1" daemon [_thread_in_native, id=72764, stack(0x0000000019f80000,0x000000001a080000)]

Stack: [0x0000000019f80000,0x000000001a080000]
[error occurred during error reporting (printing stack bounds), id 0xc0000005]

Native frames: (J=compiled Java code, j=interpreted, Vv=VM code, C=native code)


Current CompileTask:
C2:  18295 3012   !   4       java.net.URLClassLoader$1::run (63 bytes)


---------------  P R O C E S S  ---------------

Java Threads: ( => current thread )
  0x000000001b215800 JavaThread "Okio Watchdog" daemon [_thread_blocked, id=77400, stack(0x0000000021080000,0x0000000021180000)]
  0x000000001e530000 JavaThread "OkHttp ConnectionPool" daemon [_thread_blocked, id=49472, stack(0x0000000020f80000,0x0000000021080000)]
  0x000000001e534800 JavaThread "ForkJoinPool.commonPool-worker-2" daemon [_thread_blocked, id=30544, stack(0x0000000020d80000,0x0000000020e80000)]
  0x000000001e533000 JavaThread "Exec Stream Pumper" daemon [_thread_in_native, id=72360, stack(0x0000000020780000,0x0000000020880000)]
  0x000000001e531800 JavaThread "Exec Stream Pumper" daemon [_thread_in_native, id=52260, stack(0x00000000203f0000,0x00000000204f0000)]
  0x000000001e536000 JavaThread "UrlChecker-2" daemon [_thread_blocked, id=77252, stack(0x00000000202f0000,0x00000000203f0000)]
  0x000000001e535800 JavaThread "Exec Default Executor" daemon [_thread_in_native, id=73136, stack(0x00000000201f0000,0x00000000202f0000)]
  0x0000000019a99000 JavaThread "org.eclipse.jetty.server.session.HashSessionManager@3234f74eTimer" daemon [_thread_blocked, id=71316, stack(0x000000001da10000,0x000000001db10000)]
  0x00000000197eb000 JavaThread "qtp1642679791-19-acceptor-0@638ee43b-ServerConnector@6d49063a{HTTP/1.1,[http/1.1]}{0.0.0.0:50001}" [_thread_in_native, id=76432, stack(0x000000001d810000,0x000000001d910000)]
  0x00000000197ea000 JavaThread "qtp1642679791-18" [_thread_blocked, id=55016, stack(0x000000001d710000,0x000000001d810000)]
  0x00000000197e9800 JavaThread "qtp1642679791-17" [_thread_blocked, id=73584, stack(0x000000001d610000,0x000000001d710000)]
  0x00000000197e9000 JavaThread "qtp1642679791-16" [_thread_in_native, id=77648, stack(0x000000001d510000,0x000000001d610000)]
  0x000000001bb1b800 JavaThread "qtp1642679791-15" [_thread_in_native, id=47008, stack(0x000000001d410000,0x000000001d510000)]
  0x000000001bb1a800 JavaThread "qtp1642679791-14-acceptor-0@eff291b-ServerConnector@38d6b4{HTTP/1.1,[http/1.1]}{0.0.0.0:12954}" [_thread_in_native, id=77076, stack(0x000000001d310000,0x000000001d410000)]
  0x000000001b4f1000 JavaThread "qtp1642679791-13" [_thread_in_native, id=76568, stack(0x000000001d210000,0x000000001d310000)]
  0x000000001b4f0800 JavaThread "qtp1642679791-12" [_thread_in_native, id=41380, stack(0x000000001d110000,0x000000001d210000)]
  0x0000000019715000 JavaThread "Service Thread" daemon [_thread_blocked, id=75648, stack(0x000000001a180000,0x000000001a280000)]
  0x0000000019713800 JavaThread "C1 CompilerThread2" daemon [_thread_blocked, id=67828, stack(0x000000001a080000,0x000000001a180000)]
=>0x0000000019713000 JavaThread "C2 CompilerThread1" daemon [_thread_in_native, id=72764, stack(0x0000000019f80000,0x000000001a080000)]
  0x00000000196d7000 JavaThread "C2 CompilerThread0" daemon [_thread_in_native, id=63592, stack(0x0000000019e80000,0x0000000019f80000)]
  0x00000000196b9800 JavaThread "Attach Listener" daemon [_thread_blocked, id=75924, stack(0x0000000019d80000,0x0000000019e80000)]
  0x00000000196bd800 JavaThread "Signal Dispatcher" daemon [_thread_blocked, id=62284, stack(0x0000000019c80000,0x0000000019d80000)]
  0x0000000017c0f800 JavaThread "Finalizer" daemon [_thread_blocked, id=58100, stack(0x0000000018e80000,0x0000000018f80000)]
  0x0000000017c06000 JavaThread "Reference Handler" daemon [_thread_blocked, id=10200, stack(0x0000000018d80000,0x0000000018e80000)]
  0x0000000002de6800 JavaThread "Forwarding executeAsyncScript on session a829647311e1ce157bc08dd8609ef037 to remote" [_thread_in_native, id=76712, stack(0x0000000002ef0000,0x0000000002ff0000)]

Other Threads:
  0x0000000017bdd000 VMThread [stack: 0x0000000018c80000,0x0000000018d80000] [id=55440]
  0x0000000019797000 WatcherThread [stack: 0x000000001a280000,0x000000001a380000] [id=76484]

VM state:not at safepoint (normal execution)

VM Mutex/Monitor currently owned by a thread: None

Heap:
 PSYoungGen      total 105984K, used 50453K [0x00000000d5580000, 0x00000000de200000, 0x0000000100000000)
  eden space 98816K, 43% used [0x00000000d5580000,0x00000000d7fc6f60,0x00000000db600000)
  from space 7168K, 99% used [0x00000000dbf80000,0x00000000dc67e710,0x00000000dc680000)
  to   space 9728K, 0% used [0x00000000db600000,0x00000000db600000,0x00000000dbf80000)
 ParOldGen       total 63488K, used 14993K [0x0000000080000000, 0x0000000083e00000, 0x00000000d5580000)
  object space 63488K, 23% used [0x0000000080000000,0x0000000080ea4788,0x0000000083e00000)
 Metaspace       used 31936K, capacity 32838K, committed 33152K, reserved 1079296K
  class space    used 3884K, capacity 4126K, committed 4224K, reserved 1048576K

Card table byte_map: [0x00000000123b0000,0x00000000127c0000] byte_map_base: 0x0000000011fb0000

Marking Bits: (ParMarkBitMap*) 0x000000006d052d00
 Begin Bits: [0x0000000012e70000, 0x0000000014e70000)
 End Bits:   [0x0000000014e70000, 0x0000000016e70000)

Polling page: 0x0000000002d70000

CodeCache: size=245760Kb used=10912Kb max_used=11178Kb free=234847Kb
 bounds [0x0000000002ff0000, 0x0000000003af0000, 0x0000000011ff0000]
 total_blobs=3449 nmethods=2747 adapters=613
 compilation: enabled

Compilation events (10 events):
Event: 18.227 Thread 0x0000000019713800 3049       3       java.lang.StringBuffer::<init> (18 bytes)
Event: 18.228 Thread 0x0000000019713800 nmethod 3049 0x0000000003520010 code [0x00000000035201a0, 0x00000000035207e8]
Event: 18.228 Thread 0x0000000019713800 3050       3       java.net.URI$Parser::<init> (31 bytes)
Event: 18.228 Thread 0x0000000019713800 nmethod 3050 0x0000000003255dd0 code [0x0000000003255f40, 0x0000000003256190]
Event: 18.228 Thread 0x0000000019713800 3051       3       java.net.URI::access$002 (7 bytes)
Event: 18.228 Thread 0x0000000019713800 nmethod 3051 0x000000000351fcd0 code [0x000000000351fe20, 0x000000000351ff70]
Event: 18.244 Thread 0x0000000019713800 3052       3       okio.RealBufferedSink::writeUtf8 (31 bytes)
Event: 18.244 Thread 0x0000000019713800 nmethod 3052 0x000000000351f310 code [0x000000000351f4c0, 0x000000000351fa68]
Event: 18.244 Thread 0x0000000019713800 3053       3       okio.Buffer::writeUtf8 (11 bytes)
Event: 18.245 Thread 0x0000000019713800 nmethod 3053 0x000000000351ed50 code [0x000000000351eec0, 0x000000000351f1c8]

GC Heap History (10 events):
Event: 5.849 GC heap before
{Heap before GC invocations=9 (full 0):
 PSYoungGen      total 71168K, used 49739K [0x00000000d5580000, 0x00000000da280000, 0x0000000100000000)
  eden space 63488K, 71% used [0x00000000d5580000,0x00000000d8208b98,0x00000000d9380000)
  from space 7680K, 53% used [0x00000000d9b00000,0x00000000d9f0a0d8,0x00000000da280000)
  to   space 7680K, 0% used [0x00000000d9380000,0x00000000d9380000,0x00000000d9b00000)
 ParOldGen       total 86016K, used 5725K [0x0000000080000000, 0x0000000085400000, 0x00000000d5580000)
  object space 86016K, 6% used [0x0000000080000000,0x00000000805976c0,0x0000000085400000)
 Metaspace       used 20683K, capacity 21046K, committed 21296K, reserved 1069056K
  class space    used 2309K, capacity 2412K, committed 2432K, reserved 1048576K
Event: 5.858 GC heap after
Heap after GC invocations=9 (full 0):
 PSYoungGen      total 71168K, used 4073K [0x00000000d5580000, 0x00000000dc800000, 0x0000000100000000)
  eden space 63488K, 0% used [0x00000000d5580000,0x00000000d5580000,0x00000000d9380000)
  from space 7680K, 53% used [0x00000000d9380000,0x00000000d977a6b0,0x00000000d9b00000)
  to   space 7680K, 0% used [0x00000000dc080000,0x00000000dc080000,0x00000000dc800000)
 ParOldGen       total 86016K, used 7521K [0x0000000080000000, 0x0000000085400000, 0x00000000d5580000)
  object space 86016K, 8% used [0x0000000080000000,0x0000000080758748,0x0000000085400000)
 Metaspace       used 20683K, capacity 21046K, committed 21296K, reserved 1069056K
  class space    used 2309K, capacity 2412K, committed 2432K, reserved 1048576K
}
Event: 5.858 GC heap before
{Heap before GC invocations=10 (full 1):
 PSYoungGen      total 71168K, used 4073K [0x00000000d5580000, 0x00000000dc800000, 0x0000000100000000)
  eden space 63488K, 0% used [0x00000000d5580000,0x00000000d5580000,0x00000000d9380000)
  from space 7680K, 53% used [0x00000000d9380000,0x00000000d977a6b0,0x00000000d9b00000)
  to   space 7680K, 0% used [0x00000000dc080000,0x00000000dc080000,0x00000000dc800000)
 ParOldGen       total 86016K, used 7521K [0x0000000080000000, 0x0000000085400000, 0x00000000d5580000)
  object space 86016K, 8% used [0x0000000080000000,0x0000000080758748,0x0000000085400000)
 Metaspace       used 20683K, capacity 21046K, committed 21296K, reserved 1069056K
  class space    used 2309K, capacity 2412K, committed 2432K, reserved 1048576K
Event: 5.939 GC heap after
Heap after GC invocations=10 (full 1):
 PSYoungGen      total 71168K, used 0K [0x00000000d5580000, 0x00000000dc800000, 0x0000000100000000)
  eden space 63488K, 0% used [0x00000000d5580000,0x00000000d5580000,0x00000000d9380000)
  from space 7680K, 0% used [0x00000000d9380000,0x00000000d9380000,0x00000000d9b00000)
  to   space 7680K, 0% used [0x00000000dc080000,0x00000000dc080000,0x00000000dc800000)
 ParOldGen       total 63488K, used 10393K [0x0000000080000000, 0x0000000083e00000, 0x00000000d5580000)
  object space 63488K, 16% used [0x0000000080000000,0x0000000080a26740,0x0000000083e00000)
 Metaspace       used 20683K, capacity 21046K, committed 21296K, reserved 1069056K
  class space    used 2309K, capacity 2412K, committed 2432K, reserved 1048576K
}
Event: 7.933 GC heap before
{Heap before GC invocations=11 (full 1):
 PSYoungGen      total 71168K, used 63488K [0x00000000d5580000, 0x00000000dc800000, 0x0000000100000000)
  eden space 63488K, 100% used [0x00000000d5580000,0x00000000d9380000,0x00000000d9380000)
  from space 7680K, 0% used [0x00000000d9380000,0x00000000d9380000,0x00000000d9b00000)
  to   space 7680K, 0% used [0x00000000dc080000,0x00000000dc080000,0x00000000dc800000)
 ParOldGen       total 63488K, used 10393K [0x0000000080000000, 0x0000000083e00000, 0x00000000d5580000)
  object space 63488K, 16% used [0x0000000080000000,0x0000000080a26740,0x0000000083e00000)
 Metaspace       used 24529K, capacity 25000K, committed 25344K, reserved 1071104K
  class space    used 2821K, capacity 2977K, committed 3072K, reserved 1048576K
Event: 7.941 GC heap after
Heap after GC invocations=11 (full 1):
 PSYoungGen      total 84992K, used 4767K [0x00000000d5580000, 0x00000000dc580000, 0x0000000100000000)
  eden space 79872K, 0% used [0x00000000d5580000,0x00000000d5580000,0x00000000da380000)
  from space 5120K, 93% used [0x00000000dc080000,0x00000000dc527ec0,0x00000000dc580000)
  to   space 7680K, 0% used [0x00000000db680000,0x00000000db680000,0x00000000dbe00000)
 ParOldGen       total 63488K, used 10401K [0x0000000080000000, 0x0000000083e00000, 0x00000000d5580000)
  object space 63488K, 16% used [0x0000000080000000,0x0000000080a28740,0x0000000083e00000)
 Metaspace       used 24529K, capacity 25000K, committed 25344K, reserved 1071104K
  class space    used 2821K, capacity 2977K, committed 3072K, reserved 1048576K
}
Event: 8.586 GC heap before
{Heap before GC invocations=12 (full 1):
 PSYoungGen      total 84992K, used 84639K [0x00000000d5580000, 0x00000000dc580000, 0x0000000100000000)
  eden space 79872K, 100% used [0x00000000d5580000,0x00000000da380000,0x00000000da380000)
  from space 5120K, 93% used [0x00000000dc080000,0x00000000dc527ec0,0x00000000dc580000)
  to   space 7680K, 0% used [0x00000000db680000,0x00000000db680000,0x00000000dbe00000)
 ParOldGen       total 63488K, used 10401K [0x0000000080000000, 0x0000000083e00000, 0x00000000d5580000)
  object space 63488K, 16% used [0x0000000080000000,0x0000000080a28740,0x0000000083e00000)
 Metaspace       used 24843K, capacity 25256K, committed 25600K, reserved 1071104K
  class space    used 2837K, capacity 2977K, committed 3072K, reserved 1048576K
Event: 8.595 GC heap after
Heap after GC invocations=12 (full 1):
 PSYoungGen      total 107008K, used 5250K [0x00000000d5580000, 0x00000000dc680000, 0x0000000100000000)
  eden space 99328K, 0% used [0x00000000d5580000,0x00000000d5580000,0x00000000db680000)
  from space 7680K, 68% used [0x00000000db680000,0x00000000dbba0ab0,0x00000000dbe00000)
  to   space 7168K, 0% used [0x00000000dbf80000,0x00000000dbf80000,0x00000000dc680000)
 ParOldGen       total 63488K, used 10409K [0x0000000080000000, 0x0000000083e00000, 0x00000000d5580000)
  object space 63488K, 16% used [0x0000000080000000,0x0000000080a2a740,0x0000000083e00000)
 Metaspace       used 24843K, capacity 25256K, committed 25600K, reserved 1071104K
  class space    used 2837K, capacity 2977K, committed 3072K, reserved 1048576K
}
Event: 11.206 GC heap before
{Heap before GC invocations=13 (full 1):
 PSYoungGen      total 107008K, used 104578K [0x00000000d5580000, 0x00000000dc680000, 0x0000000100000000)
  eden space 99328K, 100% used [0x00000000d5580000,0x00000000db680000,0x00000000db680000)
  from space 7680K, 68% used [0x00000000db680000,0x00000000dbba0ab0,0x00000000dbe00000)
  to   space 7168K, 0% used [0x00000000dbf80000,0x00000000dbf80000,0x00000000dc680000)
 ParOldGen       total 63488K, used 10409K [0x0000000080000000, 0x0000000083e00000, 0x00000000d5580000)
  object space 63488K, 16% used [0x0000000080000000,0x0000000080a2a740,0x0000000083e00000)
 Metaspace       used 30225K, capacity 31104K, committed 31360K, reserved 1077248K
  class space    used 3672K, capacity 3897K, committed 3968K, reserved 1048576K
Event: 11.221 GC heap after
Heap after GC invocations=13 (full 1):
 PSYoungGen      total 105984K, used 7161K [0x00000000d5580000, 0x00000000de200000, 0x0000000100000000)
  eden space 98816K, 0% used [0x00000000d5580000,0x00000000d5580000,0x00000000db600000)
  from space 7168K, 99% used [0x00000000dbf80000,0x00000000dc67e710,0x00000000dc680000)
  to   space 9728K, 0% used [0x00000000db600000,0x00000000db600000,0x00000000dbf80000)
 ParOldGen       total 63488K, used 14993K [0x0000000080000000, 0x0000000083e00000, 0x00000000d5580000)
  object space 63488K, 23% used [0x0000000080000000,0x0000000080ea4788,0x0000000083e00000)
 Metaspace       used 30225K, capacity 31104K, committed 31360K, reserved 1077248K
  class space    used 3672K, capacity 3897K, committed 3968K, reserved 1048576K
}

Deoptimization events (10 events):
Event: 13.305 Thread 0x0000000002de6800 Uncommon trap: reason=bimorphic action=maybe_recompile pc=0x00000000039095f0 method=java.util.HashMap.putVal(ILjava/lang/Object;Ljava/lang/Object;ZZ)Ljava/lang/Object; @ 203
Event: 13.305 Thread 0x0000000002de6800 Uncommon trap: reason=unstable_if action=reinterpret pc=0x00000000033a5784 method=java.util.HashMap.getNode(ILjava/lang/Object;)Ljava/util/HashMap$Node; @ 129
Event: 13.305 Thread 0x0000000002de6800 Uncommon trap: reason=bimorphic action=maybe_recompile pc=0x00000000039095f0 method=java.util.HashMap.putVal(ILjava/lang/Object;Ljava/lang/Object;ZZ)Ljava/lang/Object; @ 203
Event: 13.324 Thread 0x0000000002de6800 Uncommon trap: reason=bimorphic action=maybe_recompile pc=0x00000000039095f0 method=java.util.HashMap.putVal(ILjava/lang/Object;Ljava/lang/Object;ZZ)Ljava/lang/Object; @ 203
Event: 13.326 Thread 0x0000000002de6800 Uncommon trap: reason=bimorphic action=maybe_recompile pc=0x00000000039095f0 method=java.util.HashMap.putVal(ILjava/lang/Object;Ljava/lang/Object;ZZ)Ljava/lang/Object; @ 203
Event: 16.981 Thread 0x0000000002de6800 Uncommon trap: reason=unstable_if action=reinterpret pc=0x0000000003a7cc68 method=groovy.lang.MetaClassImpl$1MOPIter.methodNameAction(Ljava/lang/Class;Lorg/codehaus/groovy/runtime/metaclass/MetaMethodIndex$Entry;)V @ 354
Event: 17.094 Thread 0x0000000002de6800 Uncommon trap: reason=bimorphic action=maybe_recompile pc=0x00000000032e5dc4 method=java.util.regex.Pattern$Curly.match(Ljava/util/regex/Matcher;ILjava/lang/CharSequence;)Z @ 19
Event: 17.094 Thread 0x0000000002de6800 Uncommon trap: reason=bimorphic action=maybe_recompile pc=0x00000000032e5dc4 method=java.util.regex.Pattern$Curly.match(Ljava/util/regex/Matcher;ILjava/lang/CharSequence;)Z @ 19
Event: 17.094 Thread 0x0000000002de6800 Uncommon trap: reason=bimorphic action=maybe_recompile pc=0x00000000032e5dc4 method=java.util.regex.Pattern$Curly.match(Ljava/util/regex/Matcher;ILjava/lang/CharSequence;)Z @ 19
Event: 17.094 Thread 0x0000000002de6800 Uncommon trap: reason=bimorphic action=maybe_recompile pc=0x00000000032e5dc4 method=java.util.regex.Pattern$Curly.match(Ljava/util/regex/Matcher;ILjava/lang/CharSequence;)Z @ 19

Classes redefined (0 events):
No events

Internal exceptions (10 events):
Event: 17.870 Thread 0x0000000002de6800 Exception <a 'java/security/PrivilegedActionException'> (0x00000000d7663cd0) thrown at [C:\re\workspace\8-2-build-windows-amd64-cygwin\jdk8u181\11358\hotspot\src\share\vm\prims\jvm.cpp, line 1435]
Event: 17.870 Thread 0x0000000002de6800 Exception <a 'java/security/PrivilegedActionException'> (0x00000000d76642b0) thrown at [C:\re\workspace\8-2-build-windows-amd64-cygwin\jdk8u181\11358\hotspot\src\share\vm\prims\jvm.cpp, line 1435]
Event: 17.870 Thread 0x0000000002de6800 Exception <a 'java/security/PrivilegedActionException'> (0x00000000d766c100) thrown at [C:\re\workspace\8-2-build-windows-amd64-cygwin\jdk8u181\11358\hotspot\src\share\vm\prims\jvm.cpp, line 1435]
Event: 17.870 Thread 0x0000000002de6800 Exception <a 'java/security/PrivilegedActionException'> (0x00000000d766c6e0) thrown at [C:\re\workspace\8-2-build-windows-amd64-cygwin\jdk8u181\11358\hotspot\src\share\vm\prims\jvm.cpp, line 1435]
Event: 17.915 Thread 0x0000000002de6800 Exception <a 'java/lang/ClassNotFoundException': Script1BeanInfo> (0x00000000d789d498) thrown at [C:\re\workspace\8-2-build-windows-amd64-cygwin\jdk8u181\11358\hotspot\src\share\vm\classfile\systemDictionary.cpp, line 210]
Event: 17.937 Thread 0x0000000002de6800 Exception <a 'java/lang/ClassNotFoundException': Script1Customizer> (0x00000000d792aef8) thrown at [C:\re\workspace\8-2-build-windows-amd64-cygwin\jdk8u181\11358\hotspot\src\share\vm\classfile\systemDictionary.cpp, line 210]
Event: 17.992 Thread 0x0000000002de6800 Exception <a 'java/lang/ClassNotFoundException': com/kms/katalon/core/webui/keyword/builtin/SetTextKeywordBeanInfo> (0x00000000d7c04d28) thrown at [C:\re\workspace\8-2-build-windows-amd64-cygwin\jdk8u181\11358\hotspot\src\share\vm\classfile\systemDictiona
Event: 18.008 Thread 0x0000000002de6800 Exception <a 'java/lang/ClassNotFoundException': com/kms/katalon/core/webui/keyword/builtin/SetTextKeywordCustomizer> (0x00000000d7ce7620) thrown at [C:\re\workspace\8-2-build-windows-amd64-cygwin\jdk8u181\11358\hotspot\src\share\vm\classfile\systemDictio
Event: 18.045 Thread 0x0000000002de6800 Exception <a 'java/net/SocketTimeoutException': Read timed out> (0x00000000d7e664c8) thrown at [C:\re\workspace\8-2-build-windows-amd64-cygwin\jdk8u181\11358\hotspot\src\share\vm\prims\jni.cpp, line 735]
Event: 18.243 Thread 0x0000000002de6800 Exception <a 'java/net/SocketTimeoutException': Read timed out> (0x00000000d7e81e28) thrown at [C:\re\workspace\8-2-build-windows-amd64-cygwin\jdk8u181\11358\hotspot\src\share\vm\prims\jni.cpp, line 735]

Events (10 events):
Event: 17.992 loading class com/kms/katalon/core/webui/keyword/builtin/SetTextKeywordBeanInfo
Event: 17.992 loading class com/kms/katalon/core/webui/keyword/builtin/SetTextKeywordBeanInfo done
Event: 17.993 loading class com/kms/katalon/core/webui/keyword/builtin/SetTextKeywordCustomizer
Event: 17.993 loading class com/kms/katalon/core/webui/keyword/builtin/SetTextKeywordCustomizer done
Event: 17.997 loading class com/kms/katalon/core/webui/keyword/builtin/SetTextKeywordCustomizer
Event: 17.997 loading class com/kms/katalon/core/webui/keyword/builtin/SetTextKeywordCustomizer done
Event: 18.008 loading class com/kms/katalon/core/webui/keyword/builtin/SetTextKeywordCustomizer
Event: 18.008 loading class com/kms/katalon/core/webui/keyword/builtin/SetTextKeywordCustomizer done
Event: 18.020 loading class groovy/runtime/metaclass/com/kms/katalon/core/webui/keyword/builtin/SetTextKeyword$_setText_closure1MetaClass
Event: 18.020 loading class groovy/runtime/metaclass/com/kms/katalon/core/webui/keyword/builtin/SetTextKeyword$_setText_closure1MetaClass done


Dynamic libraries:
0x00007ff757ae0000 - 0x00007ff757b17000 	C:\Users\moham\Desktop\Spring 2021\Katalon_Studio_Windows_64-7.9.1\Katalon_Studio_Windows_64-7.9.1\jre\bin\javaw.exe
0x00007ffe75b70000 - 0x00007ffe75d65000 	C:\WINDOWS\SYSTEM32\ntdll.dll
0x00007ffe756d0000 - 0x00007ffe7578d000 	C:\WINDOWS\System32\KERNEL32.DLL
0x00007ffe73360000 - 0x00007ffe73628000 	C:\WINDOWS\System32\KERNELBASE.dll
0x00007ffe73c70000 - 0x00007ffe73d1c000 	C:\WINDOWS\System32\ADVAPI32.dll
0x00007ffe744f0000 - 0x00007ffe7458e000 	C:\WINDOWS\System32\msvcrt.dll
0x00007ffe73bd0000 - 0x00007ffe73c6b000 	C:\WINDOWS\System32\sechost.dll
0x00007ffe75460000 - 0x00007ffe7558b000 	C:\WINDOWS\System32\RPCRT4.dll
0x00007ffe758e0000 - 0x00007ffe75a80000 	C:\WINDOWS\System32\USER32.dll
0x00007ffe737e0000 - 0x00007ffe73802000 	C:\WINDOWS\System32\win32u.dll
0x00007ffe74a20000 - 0x00007ffe74a4a000 	C:\WINDOWS\System32\GDI32.dll
0x00007ffe73a40000 - 0x00007ffe73b4b000 	C:\WINDOWS\System32\gdi32full.dll
0x00007ffe73940000 - 0x00007ffe739dd000 	C:\WINDOWS\System32\msvcp_win.dll
0x00007ffe73840000 - 0x00007ffe73940000 	C:\WINDOWS\System32\ucrtbase.dll
0x00007ffe5ec50000 - 0x00007ffe5eeea000 	C:\WINDOWS\WinSxS\amd64_microsoft.windows.common-controls_6595b64144ccf1df_6.0.19041.844_none_ca00b6081b84eb1d\COMCTL32.dll
0x00007ffe74c60000 - 0x00007ffe74c90000 	C:\WINDOWS\System32\IMM32.DLL
0x000000006db70000 - 0x000000006dc42000 	C:\Users\moham\Desktop\Spring 2021\Katalon_Studio_Windows_64-7.9.1\Katalon_Studio_Windows_64-7.9.1\jre\bin\msvcr100.dll
0x000000006c830000 - 0x000000006d0d2000 	C:\Users\moham\Desktop\Spring 2021\Katalon_Studio_Windows_64-7.9.1\Katalon_Studio_Windows_64-7.9.1\jre\bin\server\jvm.dll
0x00007ffe74c90000 - 0x00007ffe74c98000 	C:\WINDOWS\System32\PSAPI.DLL
0x00007ffe5eef0000 - 0x00007ffe5ef17000 	C:\WINDOWS\SYSTEM32\WINMM.dll
0x00007ffe6e7d0000 - 0x00007ffe6e7d9000 	C:\WINDOWS\SYSTEM32\WSOCK32.dll
0x00007ffe74ca0000 - 0x00007ffe74d0b000 	C:\WINDOWS\System32\WS2_32.dll
0x00007ffe6aa10000 - 0x00007ffe6aa1a000 	C:\WINDOWS\SYSTEM32\VERSION.dll
0x0000000071580000 - 0x000000007158f000 	C:\Users\moham\Desktop\Spring 2021\Katalon_Studio_Windows_64-7.9.1\Katalon_Studio_Windows_64-7.9.1\jre\bin\verify.dll
0x0000000071550000 - 0x0000000071579000 	C:\Users\moham\Desktop\Spring 2021\Katalon_Studio_Windows_64-7.9.1\Katalon_Studio_Windows_64-7.9.1\jre\bin\java.dll
0x0000000071530000 - 0x0000000071546000 	C:\Users\moham\Desktop\Spring 2021\Katalon_Studio_Windows_64-7.9.1\Katalon_Studio_Windows_64-7.9.1\jre\bin\zip.dll
0x00007ffe74d10000 - 0x00007ffe75452000 	C:\WINDOWS\System32\SHELL32.dll
0x00007ffe713e0000 - 0x00007ffe71b70000 	C:\WINDOWS\SYSTEM32\windows.storage.dll
0x00007ffe73d20000 - 0x00007ffe74075000 	C:\WINDOWS\System32\combase.dll
0x00007ffe72d20000 - 0x00007ffe72d4c000 	C:\WINDOWS\SYSTEM32\Wldp.dll
0x00007ffe75810000 - 0x00007ffe758be000 	C:\WINDOWS\System32\SHCORE.dll
0x00007ffe74930000 - 0x00007ffe74985000 	C:\WINDOWS\System32\shlwapi.dll
0x00007ffe731f0000 - 0x00007ffe7320f000 	C:\WINDOWS\SYSTEM32\profapi.dll
0x0000000071510000 - 0x000000007152a000 	C:\Users\moham\Desktop\Spring 2021\Katalon_Studio_Windows_64-7.9.1\Katalon_Studio_Windows_64-7.9.1\jre\bin\net.dll
0x00007ffe72a90000 - 0x00007ffe72afa000 	C:\WINDOWS\system32\mswsock.dll
0x00000000714f0000 - 0x0000000071501000 	C:\Users\moham\Desktop\Spring 2021\Katalon_Studio_Windows_64-7.9.1\Katalon_Studio_Windows_64-7.9.1\jre\bin\nio.dll
0x00000000708a0000 - 0x00000000708ad000 	C:\Users\moham\Desktop\Spring 2021\Katalon_Studio_Windows_64-7.9.1\Katalon_Studio_Windows_64-7.9.1\jre\bin\management.dll
0x00000000714c0000 - 0x00000000714e4000 	C:\Users\moham\Desktop\Spring 2021\Katalon_Studio_Windows_64-7.9.1\Katalon_Studio_Windows_64-7.9.1\jre\bin\sunec.dll
0x00007ffe72710000 - 0x00007ffe7274b000 	C:\WINDOWS\SYSTEM32\IPHLPAPI.DLL
0x00007ffe74b90000 - 0x00007ffe74b98000 	C:\WINDOWS\System32\NSI.dll
0x00007ffe68000000 - 0x00007ffe68017000 	C:\WINDOWS\SYSTEM32\dhcpcsvc6.DLL
0x00007ffe68b00000 - 0x00007ffe68b1d000 	C:\WINDOWS\SYSTEM32\dhcpcsvc.DLL
0x00007ffe72780000 - 0x00007ffe7284c000 	C:\WINDOWS\SYSTEM32\DNSAPI.dll
0x00007ffe72c60000 - 0x00007ffe72c78000 	C:\WINDOWS\SYSTEM32\CRYPTSP.dll
0x00007ffe72360000 - 0x00007ffe72394000 	C:\WINDOWS\system32\rsaenh.dll
0x00007ffe73810000 - 0x00007ffe73837000 	C:\WINDOWS\System32\bcrypt.dll
0x00007ffe731b0000 - 0x00007ffe731de000 	C:\WINDOWS\SYSTEM32\USERENV.dll
0x00007ffe73b50000 - 0x00007ffe73bd0000 	C:\WINDOWS\System32\bcryptprimitives.dll
0x00007ffe72c80000 - 0x00007ffe72c8c000 	C:\WINDOWS\SYSTEM32\CRYPTBASE.dll
0x00000000714a0000 - 0x00000000714ab000 	C:\Users\moham\Desktop\Spring 2021\Katalon_Studio_Windows_64-7.9.1\Katalon_Studio_Windows_64-7.9.1\jre\bin\sunmscapi.dll
0x00007ffe73680000 - 0x00007ffe737df000 	C:\WINDOWS\System32\CRYPT32.dll
0x00007ffe60f60000 - 0x00007ffe60f6a000 	C:\Windows\System32\rasadhlp.dll
0x00007ffe619a0000 - 0x00007ffe61a1f000 	C:\WINDOWS\System32\fwpuclnt.dll
0x00007ffe49e30000 - 0x00007ffe49e47000 	C:\WINDOWS\system32\napinsp.dll
0x00007ffe49e10000 - 0x00007ffe49e2b000 	C:\WINDOWS\system32\pnrpnsp.dll
0x00007ffe49df0000 - 0x00007ffe49e05000 	C:\WINDOWS\system32\wshbth.dll
0x00007ffe6e6e0000 - 0x00007ffe6e6fd000 	C:\WINDOWS\system32\NLAapi.dll
0x00007ffe49dd0000 - 0x00007ffe49de2000 	C:\WINDOWS\System32\winrnr.dll

VM Arguments:
jvm_args: -Dgroovy.home=C:\Users\moham/.groovy -Djava.system.class.loader=groovy.lang.GroovyClassLoader -Xmx2048m -Dfile.encoding=UTF-8 
java_command: org.codehaus.groovy.tools.GroovyStarter --classpath C:\Users\moham\Katalon Studio\VK_TestCases\bin\keyword;C:\Users\moham\Katalon Studio\VK_TestCases\Keywords;C:\Users\moham\Katalon Studio\VK_TestCases\bin\listener;C:\Users\moham\Katalon Studio\VK_TestCases\Test Listeners;C:\Users\moham\Katalon Studio\VK_TestCases\bin\lib;C:\Users\moham\Katalon Studio\VK_TestCases\Libs;C:\Users\moham\Katalon Studio\VK_TestCases\bin\groovy;C:\Users\moham\Katalon Studio\VK_TestCases\Include\scripts\groovy;C:\Users\moham\Desktop\Spring 2021\Katalon_Studio_Windows_64-7.9.1\Katalon_Studio_Windows_64-7.9.1\plugins\com.kms.katalon.core_1.0.0.202101290615.jar;C:\Users\moham\Desktop\Spring 2021\Katalon_Studio_Windows_64-7.9.1\Katalon_Studio_Windows_64-7.9.1\configuration\resources\lib\aalto-xml-1.0.0.jar;C:\Users\moham\Desktop\Spring 2021\Katalon_Studio_Windows_64-7.9.1\Katalon_Studio_Windows_64-7.9.1\configuration\resources\lib\aspectjweaver-1.9.1.jar;C:\Users\moham\Desktop\Spring 2021\Katalon_Studio_Windows_64-7.9.1\Katalon_Studio_Windows_64-7.9.1\configuration\resources\lib\bcpkix-jdk15on-1.64.jar;C:\Users\moham\Desktop\Spring 2021\Katalon_Studio_Windows_64-7.9.1\Katalon_Studio_Windows_64-7.9.1\configuration\resources\lib\bcprov-jdk15on-1.64.jar;C:\Users\moham\Desktop\Spring 2021\Katalon_Studio_Windows_64-7.9.1\Katalon_Studio_Windows_64-7.9.1\configuration\resources\lib\browsermob-core-2.1.5.jar;C:\Users\moham\Desktop\Spring 2021\Katalon_Studio_Windows_64-7.9.1\Katalon_Studio_Windows_64-7.9.1\configuration\resources\lib\cglib-3.2.10.jar;C:\Users\moham\Desktop\Spring 2021\Katalon_Studio_Windows_64-7.9.1\Katalon_Studio_Windows_64-7.9.1\configuration\resources\lib\commons-codec-1.10.jar;C:\Users\moham\Desktop\Spring 2021\Katalon_Studio_Windows_64-7.9.1\Katalon_Studio_Windows_64-7.9.1\configuration\resources\lib\commons-collections4-4.1.jar;C:\Users\moham\Desktop\Spring 2021\Katalon_Studio_Windows_64-7.9.1\Katalon_Studio_Windows_64-7.9.1\configuration\resources\lib\commons-val
java_class_path (initial): C:\Users\moham\Katalon Studio\VK_TestCases\bin\keyword;C:\Users\moham\Katalon Studio\VK_TestCases\bin\listener;C:\Users\moham\Katalon Studio\VK_TestCases\bin\lib;C:\Users\moham\Katalon Studio\VK_TestCases\bin\groovy;C:\Users\moham\Katalon Studio\VK_TestCases\bin;C:\Users\moham\Desktop\Spring 2021\Katalon_Studio_Windows_64-7.9.1\Katalon_Studio_Windows_64-7.9.1\plugins\com.kms.katalon.core_1.0.0.202101290615.jar;C:\Users\moham\Desktop\Spring 2021\Katalon_Studio_Windows_64-7.9.1\Katalon_Studio_Windows_64-7.9.1\configuration\resources\lib\aalto-xml-1.0.0.jar;C:\Users\moham\Desktop\Spring 2021\Katalon_Studio_Windows_64-7.9.1\Katalon_Studio_Windows_64-7.9.1\configuration\resources\lib\aspectjweaver-1.9.1.jar;C:\Users\moham\Desktop\Spring 2021\Katalon_Studio_Windows_64-7.9.1\Katalon_Studio_Windows_64-7.9.1\configuration\resources\lib\bcpkix-jdk15on-1.64.jar;C:\Users\moham\Desktop\Spring 2021\Katalon_Studio_Windows_64-7.9.1\Katalon_Studio_Windows_64-7.9.1\configuration\resources\lib\bcprov-jdk15on-1.64.jar;C:\Users\moham\Desktop\Spring 2021\Katalon_Studio_Windows_64-7.9.1\Katalon_Studio_Windows_64-7.9.1\configuration\resources\lib\browsermob-core-2.1.5.jar;C:\Users\moham\Desktop\Spring 2021\Katalon_Studio_Windows_64-7.9.1\Katalon_Studio_Windows_64-7.9.1\configuration\resources\lib\cglib-3.2.10.jar;C:\Users\moham\Desktop\Spring 2021\Katalon_Studio_Windows_64-7.9.1\Katalon_Studio_Windows_64-7.9.1\configuration\resources\lib\commons-codec-1.10.jar;C:\Users\moham\Desktop\Spring 2021\Katalon_Studio_Windows_64-7.9.1\Katalon_Studio_Windows_64-7.9.1\configuration\resources\lib\commons-collections4-4.1.jar;C:\Users\moham\Desktop\Spring 2021\Katalon_Studio_Windows_64-7.9.1\Katalon_Studio_Windows_64-7.9.1\configuration\resources\lib\commons-validator-1.6.jar;C:\Users\moham\Desktop\Spring 2021\Katalon_Studio_Windows_64-7.9.1\Katalon_Studio_Windows_64-7.9.1\configuration\resources\lib\curvesapi-1.04.jar;C:\Users\moham\Desktop\Spring 2021\Katalon_Studio_Windo
Launcher Type: SUN_STANDARD

Environment Variables:
PATH=C:/Users/moham/Desktop/Spring 2021/Katalon_Studio_Windows_64-7.9.1/Katalon_Studio_Windows_64-7.9.1/jre/bin/server;C:/Users/moham/Desktop/Spring 2021/Katalon_Studio_Windows_64-7.9.1/Katalon_Studio_Windows_64-7.9.1/jre/bin;C:/Users/moham/Desktop/Spring 2021/Katalon_Studio_Windows_64-7.9.1/Katalon_Studio_Windows_64-7.9.1/jre/lib/amd64;C:\Users\moham\flutter\bin;C:\Program Files\Git\cmd;C:\Program Files\Git\bin\git.exe;C:\Windows\System32;C:\Windows\System32\WindowsPowerShell\v1.0;C:\Program Files\nodejs\;C:\Users\moham\AppData\Roaming\npm;C:\Program Files\dotnet\;%SystemRoot%\system32;%SystemRoot%;%SystemRoot%\System32\Wbem;%SYSTEMROOT%\System32\WindowsPowerShell\v1.0\;%SYSTEMROOT%\System32\OpenSSH\;C:\Users\moham\flutter\bin;C:\Program Files\Git\cmd;C:\Program Files\Git\bin\git.exe;C:\Windows\System32;C:\Windows\System32\WindowsPowerShell\v1.0;C:\Users\moham\AppData\Roaming\npm;C:\Program Files\nodejs\;C:\Users\moham\AppData\Local\Temp\SymbolCache;C:\Users\moham\AppData\Roaming\Microsoft\Windows\Start Menu\Programs\Python 3.8;C:\Users\moham\AppData;C:\Users\moham\AppData\Local;C:\Users\moham\AppData\Local\Packages;C:\Users\moham\AppData\Local\Programs\Microsoft VS Code;C:\Users\moham\AppData\Local\Programs\Microsoft VS Code\bin;C:\Users\moham\AppData\Local\Programs\Python\Python38-32;C:\Users\moham\AppData\Local\Temp;C:\Users\moham\AppData\Local\Google\AndroidStudio4.1;C:\Users\moham\AppData\Roaming\npm-cache;C:\Users\moham\Anaconda3;C:\ProgramData\Microsoft\Windows\Start Menu\Programs\Java;C:\Program Files\Java\jdk-13.0.2;C:\Program Files\Java\jdk-13.0.2\bin;C:\Program Files\Java\jdk-13.0.2\lib;C:\Program Files\JetBrains\IntelliJ IDEA 2019.2.3\bin;C:\Program Files\JetBrains\IntelliJ IDEA 2019.2.3;C:\Us;C:\Users\moham\Desktop\Spring 2021\Katalon_Studio_Windows_64-7.9.1\Katalon_Studio_Windows_64-7.9.1;
USERNAME=moham
OS=Windows_NT
PROCESSOR_IDENTIFIER=Intel64 Family 6 Model 78 Stepping 3, GenuineIntel



---------------  S Y S T E M  ---------------

OS: Windows 10.0 , 64 bit Build 19041 (10.0.19041.928)

CPU:total 4 (initial active 4) (2 cores per cpu, 2 threads per core) family 6 model 78 stepping 3, cmov, cx8, fxsr, mmx, sse, sse2, sse3, ssse3, sse4.1, sse4.2, popcnt, avx, avx2, aes, clmul, erms, 3dnowpref, lzcnt, ht, tsc, tscinvbit, bmi1, bmi2, adx

Memory: 4k page, physical 8204552k(297172k free), swap 33370376k(5712k free)

vm_info: Java HotSpot(TM) 64-Bit Server VM (25.181-b13) for windows-amd64 JRE (1.8.0_181-b13), built on Jul  7 2018 04:01:33 by "java_re" with MS VC++ 10.0 (VS2010)

time: Sat May 29 11:50:44 2021
elapsed time: 18 seconds (0d 0h 0m 18s)

